[debug] [2024-11-29T13:38:10.093Z] ----------------------------------------------------------------------
[debug] [2024-11-29T13:38:10.098Z] Command:       C:\Program Files\nodejs\node.exe C:\Users\Isaac Elnar\AppData\Roaming\npm\node_modules\firebase-tools\lib\bin\firebase.js init
[debug] [2024-11-29T13:38:10.099Z] CLI Version:   13.27.0
[debug] [2024-11-29T13:38:10.099Z] Platform:      win32
[debug] [2024-11-29T13:38:10.099Z] Node Version:  v20.17.0
[debug] [2024-11-29T13:38:10.099Z] Time:          Fri Nov 29 2024 21:38:10 GMT+0800 (Taipei Standard Time)
[debug] [2024-11-29T13:38:10.100Z] ----------------------------------------------------------------------
[debug] 
[debug] [2024-11-29T13:38:10.114Z] > command requires scopes: ["email","openid","https://www.googleapis.com/auth/cloudplatformprojects.readonly","https://www.googleapis.com/auth/firebase","https://www.googleapis.com/auth/cloud-platform"]
[debug] [2024-11-29T13:38:10.115Z] > authorizing via signed-in user (johnelnar22@gmail.com)
[info] 
     ######## #### ########  ######## ########     ###     ######  ########
     ##        ##  ##     ## ##       ##     ##  ##   ##  ##       ##
     ######    ##  ########  ######   ########  #########  ######  ######
     ##        ##  ##    ##  ##       ##     ## ##     ##       ## ##
     ##       #### ##     ## ######## ########  ##     ##  ######  ########

You're about to initialize a Firebase project in this directory:

  C:\Users\Isaac Elnar\Downloads\Angular-Recipe

[info] 
=== Project Setup
[info] 
[info] First, let's associate this project directory with a Firebase project.
[info] You can create multiple project aliases by running firebase use --add, 
[info] but for now we'll just set up a default project.
[info] 
[debug] [2024-11-29T13:39:10.809Z] Checked if tokens are valid: true, expires at: 1732890618082
[debug] [2024-11-29T13:39:10.810Z] Checked if tokens are valid: true, expires at: 1732890618082
[debug] [2024-11-29T13:39:10.815Z] >>> [apiv2][query] GET https://firebase.googleapis.com/v1beta1/projects pageSize=100
[debug] [2024-11-29T13:39:11.570Z] <<< [apiv2][status] GET https://firebase.googleapis.com/v1beta1/projects 200
[debug] [2024-11-29T13:39:11.571Z] <<< [apiv2][body] GET https://firebase.googleapis.com/v1beta1/projects [omitted]
